#
# A fatal error has been detected by the Java Runtime Environment:
#
#  EXCEPTION_ACCESS_VIOLATION (0xc0000005) at pc=0x00000001800044cb, pid=2920, tid=10340
#
# JRE version: Java(TM) SE Runtime Environment (17.0.2+8) (build 17.0.2+8-LTS-86)
# Java VM: Java HotSpot(TM) 64-Bit Server VM (17.0.2+8-LTS-86, mixed mode, sharing, tiered, compressed oops, compressed class ptrs, g1 gc, windows-amd64)
# Problematic frame:
# C  [rxtxSerial.dll+0x44cb]
#
# No core dump will be written. Minidumps are not enabled by default on client versions of Windows
#
# If you would like to submit a bug report, please visit:
#   https://bugreport.java.com/bugreport/crash.jsp
# The crash happened outside the Java Virtual Machine in native code.
# See problematic frame for where to report the bug.
#

---------------  S U M M A R Y ------------

Command Line: -Djava.library.path=D:\Faks\Iot\Eclipse-Gateway\Gateway\myFirstXBeeApp\libs\native\Windows\win64 -Dfile.encoding=Cp1252 com.digi.xbee.example.MainApp

Host: Intel(R) Core(TM) i7-7700HQ CPU @ 2.80GHz, 8 cores, 15G,  Windows 10 , 64 bit Build 19041 (10.0.19041.1706)
Time: Wed May 25 14:58:05 2022 Central European Daylight Time elapsed time: 0.852553 seconds (0d 0h 0m 0s)

---------------  T H R E A D  ---------------

Current thread (0x000001cd24d60570):  JavaThread "main" [_thread_in_native, id=10340, stack(0x0000004f4f500000,0x0000004f4f600000)]

Stack: [0x0000004f4f500000,0x0000004f4f600000],  sp=0x0000004f4f5fe830,  free space=1018k
Native frames: (J=compiled Java code, j=interpreted, Vv=VM code, C=native code)
C  [rxtxSerial.dll+0x44cb]

Java frames: (J=compiled Java code, j=interpreted, Vv=VM code)
j  gnu.io.RXTXPort.nativeDrain(Z)Z+0
j  gnu.io.RXTXPort$SerialOutputStream.flush()V+92
j  com.digi.xbee.api.connection.serial.AbstractSerialPort.writeData([B)V+95
j  com.digi.xbee.api.AbstractXBeeDevice.writePacket(Lcom/digi/xbee/api/packet/XBeePacket;)V+80
j  com.digi.xbee.api.AbstractXBeeDevice.sendXBeePacket(Lcom/digi/xbee/api/packet/XBeePacket;)Lcom/digi/xbee/api/packet/XBeePacket;+145
j  com.digi.xbee.api.AbstractXBeeDevice.sendATCommand(Lcom/digi/xbee/api/models/ATCommand;)Lcom/digi/xbee/api/models/ATCommandResponse;+363
j  com.digi.xbee.api.AbstractXBeeDevice.determineOperatingMode()Lcom/digi/xbee/api/models/OperatingMode;+29
j  com.digi.xbee.api.AbstractXBeeDevice.open()V+306
j  com.digi.xbee.api.XBeeDevice.open()V+1
j  com.digi.xbee.example.MainApp.main([Ljava/lang/String;)V+37
v  ~StubRoutines::call_stub

siginfo: EXCEPTION_ACCESS_VIOLATION (0xc0000005), reading address 0x00000000508ff06c


Register to memory mapping:

RIP=0x00000001800044cb rxtxSerial.dll
RAX=0x000000000000001c is an unknown value
RBX=0x0000000000000001 is an unknown value
RCX=0x0000004f4f5fec0c is pointing into the stack for thread: 0x000001cd24d60570
RDX=0x0 is NULL
RSP=0x0000004f4f5fe830 is pointing into the stack for thread: 0x000001cd24d60570
RBP=0x0000000000000001 is an unknown value
RSI=0x0 is NULL
RDI=0x000001cd24d60818 points into unknown readable memory: 0x00007ffae6875640 | 40 56 87 e6 fa 7f 00 00
R8 =0x0000004f4f5fe4f0 is pointing into the stack for thread: 0x000001cd24d60570
R9 =0x0000000180000000 rxtxSerial.dll
R10=0x0 is NULL
R11=0x0000000000000200 is an unknown value
R12=0x00000000508ff060 is an unknown value
R13=0x0 is NULL
R14=0x0000004f4f5fed20 is pointing into the stack for thread: 0x000001cd24d60570
R15=0x000001cd24d60570 is a thread


Registers:
RAX=0x000000000000001c, RBX=0x0000000000000001, RCX=0x0000004f4f5fec0c, RDX=0x0000000000000000
RSP=0x0000004f4f5fe830, RBP=0x0000000000000001, RSI=0x0000000000000000, RDI=0x000001cd24d60818
R8 =0x0000004f4f5fe4f0, R9 =0x0000000180000000, R10=0x0000000000000000, R11=0x0000000000000200
R12=0x00000000508ff060, R13=0x0000000000000000, R14=0x0000004f4f5fed20, R15=0x000001cd24d60570
RIP=0x00000001800044cb, EFLAGS=0x0000000000010206

Top of Stack: (sp=0x0000004f4f5fe830)
0x0000004f4f5fe830:   000001cd4804ce50 000000018001c4c0
0x0000004f4f5fe840:   0000000000000000 0000000000000001
0x0000004f4f5fe850:   000001cd24d60a50 00007ffae5ec0798
0x0000004f4f5fe860:   0000004f4f5fed20 00007ffae5df0000
0x0000004f4f5fe870:   0000000000000000 00007ffa00000000
0x0000004f4f5fe880:   00000000ffffffff 00007ffae639fe70
0x0000004f4f5fe890:   0000004f4f5feb80 000001cd2c5caf60
0x0000004f4f5fe8a0:   000001cd4804ce50 000001cd24d60570
0x0000004f4f5fe8b0:   0000004f4f5fea80 00007ffae616a4d3
0x0000004f4f5fe8c0:   0000004f4f5feb80 0000000000000400
0x0000004f4f5fe8d0:   00000000ffffffff 00007ffae61371f4
0x0000004f4f5fe8e0:   000001cd4804ce50 000001cd24d60570
0x0000004f4f5fe8f0:   00007ffae662d178 0000000000000000
0x0000004f4f5fe900:   0000004f00000007 000001cd2c5caf60
0x0000004f4f5fe910:   000001cd4804ce50 000001cd24d5a100
0x0000004f4f5fe920:   000001cd2c5caf60 00007ffae6432428 

Instructions: (pc=0x00000001800044cb)
0x00000001800043cb:   89 54 24 30 e8 3c f4 ff ff 48 8b 54 24 30 4c 8d
0x00000001800043db:   0d b4 80 01 00 4c 8d 05 b1 80 01 00 48 8b cf 8b
0x00000001800043eb:   e8 e8 1f f4 ff ff 33 db 4c 63 e0 8b cd e8 43 41
0x00000001800043fb:   00 00 ff c3 8b f0 85 c0 74 0f e8 72 63 00 00 83
0x000000018000440b:   38 04 75 05 83 fb 03 7c e2 48 8d 15 a5 80 01 00
0x000000018000441b:   48 8d 8c 24 c0 03 00 00 44 8b c6 e8 11 5e 00 00
0x000000018000442b:   85 f6 0f 84 86 00 00 00 e8 44 63 00 00 8b 08 e8
0x000000018000443b:   59 62 00 00 4c 8b 07 48 8d 15 a7 80 01 00 48 8b
0x000000018000444b:   cf 48 8b f0 41 ff 50 30 48 8b d8 48 85 c0 75 1b
0x000000018000445b:   48 8b 07 48 8b cf ff 90 80 00 00 00 4c 8b 1f 48
0x000000018000446b:   8b cf 41 ff 93 88 00 00 00 eb 43 4c 8d 0d 63 80
0x000000018000447b:   01 00 48 8d 15 7c 90 01 00 48 8d 8c 24 78 03 00
0x000000018000448b:   00 4c 8b c6 e8 a8 5d 00 00 4c 8b 1f 4c 8d 84 24
0x000000018000449b:   78 03 00 00 48 8b d3 48 8b cf 41 ff 53 70 4c 8b
0x00000001800044ab:   1f 48 8b d3 48 8b cf 41 ff 93 b8 00 00 00 45 84
0x00000001800044bb:   ed 0f 85 b7 00 00 00 4d 85 e4 0f 84 ae 00 00 00
0x00000001800044cb:   41 83 7c 24 0c 00 0f 84 a2 00 00 00 48 8d 4c 24
0x00000001800044db:   38 49 8b d4 41 b8 40 03 00 00 e8 06 64 00 00 4c
0x00000001800044eb:   8b 1f 48 8b 54 24 30 48 8b cf 41 ff 93 f8 00 00
0x00000001800044fb:   00 48 8b 54 24 30 4c 8d 0d f8 7a 01 00 4c 8d 05
0x000000018000450b:   f5 7a 01 00 48 8b cf 48 8b d8 e8 f6 f2 ff ff 4c
0x000000018000451b:   8b 1f 4c 8d 0d e4 7a 01 00 4c 8d 05 e5 7a 01 00
0x000000018000452b:   48 8b d3 48 8b cf 41 ff 93 08 01 00 00 83 bc 24
0x000000018000453b:   d0 00 00 00 01 48 8b f0 7f 34 48 85 db 74 2f 48
0x000000018000454b:   8b 17 48 8b cf ff 92 88 00 00 00 4c 8b 1f 48 8b
0x000000018000455b:   54 24 30 41 b9 02 00 00 00 4c 8b c6 48 8b cf c7
0x000000018000456b:   44 24 20 01 00 00 00 41 ff 93 28 01 00 00 32 c0
0x000000018000457b:   48 8b 8c 24 10 04 00 00 48 33 cc e8 05 5b 00 00
0x000000018000458b:   48 8b 9c 24 60 04 00 00 48 81 c4 20 04 00 00 41
0x000000018000459b:   5d 41 5c 5f 5e 5d c3 cc cc cc cc cc cc cc cc cc
0x00000001800045ab:   cc cc cc cc cc 40 53 48 83 ec 20 41 8b d8 4c 8d
0x00000001800045bb:   0d dc 7e 01 00 4c 8d 05 25 7f 01 00 e8 44 f2 ff 


Stack slot to memory mapping:
stack at sp + 0 slots: {method} {0x000001cd4804ce58} 'nativeDrain' '(Z)Z' in 'gnu/io/RXTXPort'
stack at sp + 1 slots: 0x000000018001c4c0 rxtxSerial.dll
stack at sp + 2 slots: 0x0 is NULL
stack at sp + 3 slots: 0x0000000000000001 is an unknown value
stack at sp + 4 slots: 0x000001cd24d60a50 points into unknown readable memory: 0x00007ffae6635eb8 | b8 5e 63 e6 fa 7f 00 00
stack at sp + 5 slots: 0x00007ffae5ec0798 jvm.dll
stack at sp + 6 slots: 0x0000004f4f5fed20 is pointing into the stack for thread: 0x000001cd24d60570
stack at sp + 7 slots: 0x00007ffae5df0000 jvm.dll


---------------  P R O C E S S  ---------------

Threads class SMR info:
_java_thread_list=0x000001cd485ccaa0, length=14, elements={
0x000001cd24d60570, 0x000001cd47a35010, 0x000001cd47a35ad0, 0x000001cd47a4a670,
0x000001cd47a4d040, 0x000001cd47a4e910, 0x000001cd47a5ac70, 0x000001cd47a61000,
0x000001cd47a625d0, 0x000001cd47a72ac0, 0x000001cd48500fc0, 0x000001cd484fe940,
0x000001cd48500620, 0x000001cd484fee10
}

Java Threads: ( => current thread )
=>0x000001cd24d60570 JavaThread "main" [_thread_in_native, id=10340, stack(0x0000004f4f500000,0x0000004f4f600000)]
  0x000001cd47a35010 JavaThread "Reference Handler" daemon [_thread_blocked, id=4172, stack(0x0000004f4fc00000,0x0000004f4fd00000)]
  0x000001cd47a35ad0 JavaThread "Finalizer" daemon [_thread_blocked, id=14892, stack(0x0000004f4fd00000,0x0000004f4fe00000)]
  0x000001cd47a4a670 JavaThread "Signal Dispatcher" daemon [_thread_blocked, id=3636, stack(0x0000004f4fe00000,0x0000004f4ff00000)]
  0x000001cd47a4d040 JavaThread "Attach Listener" daemon [_thread_blocked, id=12552, stack(0x0000004f4ff00000,0x0000004f50000000)]
  0x000001cd47a4e910 JavaThread "Service Thread" daemon [_thread_blocked, id=10392, stack(0x0000004f50000000,0x0000004f50100000)]
  0x000001cd47a5ac70 JavaThread "Monitor Deflation Thread" daemon [_thread_blocked, id=9316, stack(0x0000004f50100000,0x0000004f50200000)]
  0x000001cd47a61000 JavaThread "C2 CompilerThread0" daemon [_thread_blocked, id=3888, stack(0x0000004f50200000,0x0000004f50300000)]
  0x000001cd47a625d0 JavaThread "C1 CompilerThread0" daemon [_thread_blocked, id=3016, stack(0x0000004f50300000,0x0000004f50400000)]
  0x000001cd47a72ac0 JavaThread "Sweeper thread" daemon [_thread_blocked, id=10120, stack(0x0000004f50400000,0x0000004f50500000)]
  0x000001cd48500fc0 JavaThread "Notification Thread" daemon [_thread_blocked, id=2156, stack(0x0000004f50500000,0x0000004f50600000)]
  0x000001cd484fe940 JavaThread "Common-Cleaner" daemon [_thread_blocked, id=5288, stack(0x0000004f50700000,0x0000004f50800000)]
  0x000001cd48500620 JavaThread "Thread-0" [_thread_blocked, id=1652, stack(0x0000004f50800000,0x0000004f50900000)]
  0x000001cd484fee10 JavaThread "Thread-1" [_thread_in_native, id=2840, stack(0x0000004f50900000,0x0000004f50a00000)]

Other Threads:
  0x000001cd47a30db0 VMThread "VM Thread" [stack: 0x0000004f4fb00000,0x0000004f4fc00000] [id=11156]
  0x000001cd485055e0 WatcherThread [stack: 0x0000004f50600000,0x0000004f50700000] [id=8924]
  0x000001cd24daff40 GCTaskThread "GC Thread#0" [stack: 0x0000004f4f600000,0x0000004f4f700000] [id=12028]
  0x000001cd24dc2380 ConcurrentGCThread "G1 Main Marker" [stack: 0x0000004f4f700000,0x0000004f4f800000] [id=9232]
  0x000001cd24dc2ca0 ConcurrentGCThread "G1 Conc#0" [stack: 0x0000004f4f800000,0x0000004f4f900000] [id=7500]
  0x000001cd478f20c0 ConcurrentGCThread "G1 Refine#0" [stack: 0x0000004f4f900000,0x0000004f4fa00000] [id=14364]
  0x000001cd478f38a0 ConcurrentGCThread "G1 Service" [stack: 0x0000004f4fa00000,0x0000004f4fb00000] [id=1152]

Threads with active compile tasks:

VM state: not at safepoint (normal execution)

VM Mutex/Monitor currently owned by a thread: None

Heap address: 0x0000000701c00000, size: 4068 MB, Compressed Oops mode: Zero based, Oop shift amount: 3

CDS archive(s) mapped at: [0x0000000800000000-0x0000000800bc0000-0x0000000800bc0000), size 12320768, SharedBaseAddress: 0x0000000800000000, ArchiveRelocationMode: 0.
Compressed class space mapped at: 0x0000000800c00000-0x0000000840c00000, reserved size: 1073741824
Narrow klass base: 0x0000000800000000, Narrow klass shift: 0, Narrow klass range: 0x100000000

GC Precious Log:
 CPUs: 8 total, 8 available
 Memory: 16265M
 Large Page Support: Disabled
 NUMA Support: Disabled
 Compressed Oops: Enabled (Zero based)
 Heap Region Size: 2M
 Heap Min Capacity: 8M
 Heap Initial Capacity: 256M
 Heap Max Capacity: 4068M
 Pre-touch: Disabled
 Parallel Workers: 8
 Concurrent Workers: 2
 Concurrent Refinement Workers: 8
 Periodic GC: Disabled

Heap:
 garbage-first heap   total 262144K, used 4096K [0x0000000701c00000, 0x0000000800000000)
  region size 2048K, 3 young (6144K), 0 survivors (0K)
 Metaspace       used 1217K, committed 1344K, reserved 1056768K
  class space    used 119K, committed 192K, reserved 1048576K

Heap Regions: E=young(eden), S=young(survivor), O=old, HS=humongous(starts), HC=humongous(continues), CS=collection set, F=free, OA=open archive, CA=closed archive, TAMS=top-at-mark-start (previous, next)
|   0|0x0000000701c00000, 0x0000000701c00000, 0x0000000701e00000|  0%| F|  |TAMS 0x0000000701c00000, 0x0000000701c00000| Untracked 
|   1|0x0000000701e00000, 0x0000000701e00000, 0x0000000702000000|  0%| F|  |TAMS 0x0000000701e00000, 0x0000000701e00000| Untracked 
|   2|0x0000000702000000, 0x0000000702000000, 0x0000000702200000|  0%| F|  |TAMS 0x0000000702000000, 0x0000000702000000| Untracked 
|   3|0x0000000702200000, 0x0000000702200000, 0x0000000702400000|  0%| F|  |TAMS 0x0000000702200000, 0x0000000702200000| Untracked 
|   4|0x0000000702400000, 0x0000000702400000, 0x0000000702600000|  0%| F|  |TAMS 0x0000000702400000, 0x0000000702400000| Untracked 
|   5|0x0000000702600000, 0x0000000702600000, 0x0000000702800000|  0%| F|  |TAMS 0x0000000702600000, 0x0000000702600000| Untracked 
|   6|0x0000000702800000, 0x0000000702800000, 0x0000000702a00000|  0%| F|  |TAMS 0x0000000702800000, 0x0000000702800000| Untracked 
|   7|0x0000000702a00000, 0x0000000702a00000, 0x0000000702c00000|  0%| F|  |TAMS 0x0000000702a00000, 0x0000000702a00000| Untracked 
|   8|0x0000000702c00000, 0x0000000702c00000, 0x0000000702e00000|  0%| F|  |TAMS 0x0000000702c00000, 0x0000000702c00000| Untracked 
|   9|0x0000000702e00000, 0x0000000702e00000, 0x0000000703000000|  0%| F|  |TAMS 0x0000000702e00000, 0x0000000702e00000| Untracked 
|  10|0x0000000703000000, 0x0000000703000000, 0x0000000703200000|  0%| F|  |TAMS 0x0000000703000000, 0x0000000703000000| Untracked 
|  11|0x0000000703200000, 0x0000000703200000, 0x0000000703400000|  0%| F|  |TAMS 0x0000000703200000, 0x0000000703200000| Untracked 
|  12|0x0000000703400000, 0x0000000703400000, 0x0000000703600000|  0%| F|  |TAMS 0x0000000703400000, 0x0000000703400000| Untracked 
|  13|0x0000000703600000, 0x0000000703600000, 0x0000000703800000|  0%| F|  |TAMS 0x0000000703600000, 0x0000000703600000| Untracked 
|  14|0x0000000703800000, 0x0000000703800000, 0x0000000703a00000|  0%| F|  |TAMS 0x0000000703800000, 0x0000000703800000| Untracked 
|  15|0x0000000703a00000, 0x0000000703a00000, 0x0000000703c00000|  0%| F|  |TAMS 0x0000000703a00000, 0x0000000703a00000| Untracked 
|  16|0x0000000703c00000, 0x0000000703c00000, 0x0000000703e00000|  0%| F|  |TAMS 0x0000000703c00000, 0x0000000703c00000| Untracked 
|  17|0x0000000703e00000, 0x0000000703e00000, 0x0000000704000000|  0%| F|  |TAMS 0x0000000703e00000, 0x0000000703e00000| Untracked 
|  18|0x0000000704000000, 0x0000000704000000, 0x0000000704200000|  0%| F|  |TAMS 0x0000000704000000, 0x0000000704000000| Untracked 
|  19|0x0000000704200000, 0x0000000704200000, 0x0000000704400000|  0%| F|  |TAMS 0x0000000704200000, 0x0000000704200000| Untracked 
|  20|0x0000000704400000, 0x0000000704400000, 0x0000000704600000|  0%| F|  |TAMS 0x0000000704400000, 0x0000000704400000| Untracked 
|  21|0x0000000704600000, 0x0000000704600000, 0x0000000704800000|  0%| F|  |TAMS 0x0000000704600000, 0x0000000704600000| Untracked 
|  22|0x0000000704800000, 0x0000000704800000, 0x0000000704a00000|  0%| F|  |TAMS 0x0000000704800000, 0x0000000704800000| Untracked 
|  23|0x0000000704a00000, 0x0000000704a00000, 0x0000000704c00000|  0%| F|  |TAMS 0x0000000704a00000, 0x0000000704a00000| Untracked 
|  24|0x0000000704c00000, 0x0000000704c00000, 0x0000000704e00000|  0%| F|  |TAMS 0x0000000704c00000, 0x0000000704c00000| Untracked 
|  25|0x0000000704e00000, 0x0000000704e00000, 0x0000000705000000|  0%| F|  |TAMS 0x0000000704e00000, 0x0000000704e00000| Untracked 
|  26|0x0000000705000000, 0x0000000705000000, 0x0000000705200000|  0%| F|  |TAMS 0x0000000705000000, 0x0000000705000000| Untracked 
|  27|0x0000000705200000, 0x0000000705200000, 0x0000000705400000|  0%| F|  |TAMS 0x0000000705200000, 0x0000000705200000| Untracked 
|  28|0x0000000705400000, 0x0000000705400000, 0x0000000705600000|  0%| F|  |TAMS 0x0000000705400000, 0x0000000705400000| Untracked 
|  29|0x0000000705600000, 0x0000000705600000, 0x0000000705800000|  0%| F|  |TAMS 0x0000000705600000, 0x0000000705600000| Untracked 
|  30|0x0000000705800000, 0x0000000705800000, 0x0000000705a00000|  0%| F|  |TAMS 0x0000000705800000, 0x0000000705800000| Untracked 
|  31|0x0000000705a00000, 0x0000000705a00000, 0x0000000705c00000|  0%| F|  |TAMS 0x0000000705a00000, 0x0000000705a00000| Untracked 
|  32|0x0000000705c00000, 0x0000000705c00000, 0x0000000705e00000|  0%| F|  |TAMS 0x0000000705c00000, 0x0000000705c00000| Untracked 
|  33|0x0000000705e00000, 0x0000000705e00000, 0x0000000706000000|  0%| F|  |TAMS 0x0000000705e00000, 0x0000000705e00000| Untracked 
|  34|0x0000000706000000, 0x0000000706000000, 0x0000000706200000|  0%| F|  |TAMS 0x0000000706000000, 0x0000000706000000| Untracked 
|  35|0x0000000706200000, 0x0000000706200000, 0x0000000706400000|  0%| F|  |TAMS 0x0000000706200000, 0x0000000706200000| Untracked 
|  36|0x0000000706400000, 0x0000000706400000, 0x0000000706600000|  0%| F|  |TAMS 0x0000000706400000, 0x0000000706400000| Untracked 
|  37|0x0000000706600000, 0x0000000706600000, 0x0000000706800000|  0%| F|  |TAMS 0x0000000706600000, 0x0000000706600000| Untracked 
|  38|0x0000000706800000, 0x0000000706800000, 0x0000000706a00000|  0%| F|  |TAMS 0x0000000706800000, 0x0000000706800000| Untracked 
|  39|0x0000000706a00000, 0x0000000706a00000, 0x0000000706c00000|  0%| F|  |TAMS 0x0000000706a00000, 0x0000000706a00000| Untracked 
|  40|0x0000000706c00000, 0x0000000706c00000, 0x0000000706e00000|  0%| F|  |TAMS 0x0000000706c00000, 0x0000000706c00000| Untracked 
|  41|0x0000000706e00000, 0x0000000706e00000, 0x0000000707000000|  0%| F|  |TAMS 0x0000000706e00000, 0x0000000706e00000| Untracked 
|  42|0x0000000707000000, 0x0000000707000000, 0x0000000707200000|  0%| F|  |TAMS 0x0000000707000000, 0x0000000707000000| Untracked 
|  43|0x0000000707200000, 0x0000000707200000, 0x0000000707400000|  0%| F|  |TAMS 0x0000000707200000, 0x0000000707200000| Untracked 
|  44|0x0000000707400000, 0x0000000707400000, 0x0000000707600000|  0%| F|  |TAMS 0x0000000707400000, 0x0000000707400000| Untracked 
|  45|0x0000000707600000, 0x0000000707600000, 0x0000000707800000|  0%| F|  |TAMS 0x0000000707600000, 0x0000000707600000| Untracked 
|  46|0x0000000707800000, 0x0000000707800000, 0x0000000707a00000|  0%| F|  |TAMS 0x0000000707800000, 0x0000000707800000| Untracked 
|  47|0x0000000707a00000, 0x0000000707a00000, 0x0000000707c00000|  0%| F|  |TAMS 0x0000000707a00000, 0x0000000707a00000| Untracked 
|  48|0x0000000707c00000, 0x0000000707c00000, 0x0000000707e00000|  0%| F|  |TAMS 0x0000000707c00000, 0x0000000707c00000| Untracked 
|  49|0x0000000707e00000, 0x0000000707e00000, 0x0000000708000000|  0%| F|  |TAMS 0x0000000707e00000, 0x0000000707e00000| Untracked 
|  50|0x0000000708000000, 0x0000000708000000, 0x0000000708200000|  0%| F|  |TAMS 0x0000000708000000, 0x0000000708000000| Untracked 
|  51|0x0000000708200000, 0x0000000708200000, 0x0000000708400000|  0%| F|  |TAMS 0x0000000708200000, 0x0000000708200000| Untracked 
|  52|0x0000000708400000, 0x0000000708400000, 0x0000000708600000|  0%| F|  |TAMS 0x0000000708400000, 0x0000000708400000| Untracked 
|  53|0x0000000708600000, 0x0000000708600000, 0x0000000708800000|  0%| F|  |TAMS 0x0000000708600000, 0x0000000708600000| Untracked 
|  54|0x0000000708800000, 0x0000000708800000, 0x0000000708a00000|  0%| F|  |TAMS 0x0000000708800000, 0x0000000708800000| Untracked 
|  55|0x0000000708a00000, 0x0000000708a00000, 0x0000000708c00000|  0%| F|  |TAMS 0x0000000708a00000, 0x0000000708a00000| Untracked 
|  56|0x0000000708c00000, 0x0000000708c00000, 0x0000000708e00000|  0%| F|  |TAMS 0x0000000708c00000, 0x0000000708c00000| Untracked 
|  57|0x0000000708e00000, 0x0000000708e00000, 0x0000000709000000|  0%| F|  |TAMS 0x0000000708e00000, 0x0000000708e00000| Untracked 
|  58|0x0000000709000000, 0x0000000709000000, 0x0000000709200000|  0%| F|  |TAMS 0x0000000709000000, 0x0000000709000000| Untracked 
|  59|0x0000000709200000, 0x0000000709200000, 0x0000000709400000|  0%| F|  |TAMS 0x0000000709200000, 0x0000000709200000| Untracked 
|  60|0x0000000709400000, 0x0000000709400000, 0x0000000709600000|  0%| F|  |TAMS 0x0000000709400000, 0x0000000709400000| Untracked 
|  61|0x0000000709600000, 0x0000000709600000, 0x0000000709800000|  0%| F|  |TAMS 0x0000000709600000, 0x0000000709600000| Untracked 
|  62|0x0000000709800000, 0x0000000709800000, 0x0000000709a00000|  0%| F|  |TAMS 0x0000000709800000, 0x0000000709800000| Untracked 
|  63|0x0000000709a00000, 0x0000000709a00000, 0x0000000709c00000|  0%| F|  |TAMS 0x0000000709a00000, 0x0000000709a00000| Untracked 
|  64|0x0000000709c00000, 0x0000000709c00000, 0x0000000709e00000|  0%| F|  |TAMS 0x0000000709c00000, 0x0000000709c00000| Untracked 
|  65|0x0000000709e00000, 0x0000000709e00000, 0x000000070a000000|  0%| F|  |TAMS 0x0000000709e00000, 0x0000000709e00000| Untracked 
|  66|0x000000070a000000, 0x000000070a000000, 0x000000070a200000|  0%| F|  |TAMS 0x000000070a000000, 0x000000070a000000| Untracked 
|  67|0x000000070a200000, 0x000000070a200000, 0x000000070a400000|  0%| F|  |TAMS 0x000000070a200000, 0x000000070a200000| Untracked 
|  68|0x000000070a400000, 0x000000070a400000, 0x000000070a600000|  0%| F|  |TAMS 0x000000070a400000, 0x000000070a400000| Untracked 
|  69|0x000000070a600000, 0x000000070a600000, 0x000000070a800000|  0%| F|  |TAMS 0x000000070a600000, 0x000000070a600000| Untracked 
|  70|0x000000070a800000, 0x000000070a800000, 0x000000070aa00000|  0%| F|  |TAMS 0x000000070a800000, 0x000000070a800000| Untracked 
|  71|0x000000070aa00000, 0x000000070aa00000, 0x000000070ac00000|  0%| F|  |TAMS 0x000000070aa00000, 0x000000070aa00000| Untracked 
|  72|0x000000070ac00000, 0x000000070ac00000, 0x000000070ae00000|  0%| F|  |TAMS 0x000000070ac00000, 0x000000070ac00000| Untracked 
|  73|0x000000070ae00000, 0x000000070ae00000, 0x000000070b000000|  0%| F|  |TAMS 0x000000070ae00000, 0x000000070ae00000| Untracked 
|  74|0x000000070b000000, 0x000000070b000000, 0x000000070b200000|  0%| F|  |TAMS 0x000000070b000000, 0x000000070b000000| Untracked 
|  75|0x000000070b200000, 0x000000070b200000, 0x000000070b400000|  0%| F|  |TAMS 0x000000070b200000, 0x000000070b200000| Untracked 
|  76|0x000000070b400000, 0x000000070b400000, 0x000000070b600000|  0%| F|  |TAMS 0x000000070b400000, 0x000000070b400000| Untracked 
|  77|0x000000070b600000, 0x000000070b600000, 0x000000070b800000|  0%| F|  |TAMS 0x000000070b600000, 0x000000070b600000| Untracked 
|  78|0x000000070b800000, 0x000000070b800000, 0x000000070ba00000|  0%| F|  |TAMS 0x000000070b800000, 0x000000070b800000| Untracked 
|  79|0x000000070ba00000, 0x000000070ba00000, 0x000000070bc00000|  0%| F|  |TAMS 0x000000070ba00000, 0x000000070ba00000| Untracked 
|  80|0x000000070bc00000, 0x000000070bc00000, 0x000000070be00000|  0%| F|  |TAMS 0x000000070bc00000, 0x000000070bc00000| Untracked 
|  81|0x000000070be00000, 0x000000070be00000, 0x000000070c000000|  0%| F|  |TAMS 0x000000070be00000, 0x000000070be00000| Untracked 
|  82|0x000000070c000000, 0x000000070c000000, 0x000000070c200000|  0%| F|  |TAMS 0x000000070c000000, 0x000000070c000000| Untracked 
|  83|0x000000070c200000, 0x000000070c200000, 0x000000070c400000|  0%| F|  |TAMS 0x000000070c200000, 0x000000070c200000| Untracked 
|  84|0x000000070c400000, 0x000000070c400000, 0x000000070c600000|  0%| F|  |TAMS 0x000000070c400000, 0x000000070c400000| Untracked 
|  85|0x000000070c600000, 0x000000070c600000, 0x000000070c800000|  0%| F|  |TAMS 0x000000070c600000, 0x000000070c600000| Untracked 
|  86|0x000000070c800000, 0x000000070c800000, 0x000000070ca00000|  0%| F|  |TAMS 0x000000070c800000, 0x000000070c800000| Untracked 
|  87|0x000000070ca00000, 0x000000070ca00000, 0x000000070cc00000|  0%| F|  |TAMS 0x000000070ca00000, 0x000000070ca00000| Untracked 
|  88|0x000000070cc00000, 0x000000070cc00000, 0x000000070ce00000|  0%| F|  |TAMS 0x000000070cc00000, 0x000000070cc00000| Untracked 
|  89|0x000000070ce00000, 0x000000070ce00000, 0x000000070d000000|  0%| F|  |TAMS 0x000000070ce00000, 0x000000070ce00000| Untracked 
|  90|0x000000070d000000, 0x000000070d000000, 0x000000070d200000|  0%| F|  |TAMS 0x000000070d000000, 0x000000070d000000| Untracked 
|  91|0x000000070d200000, 0x000000070d200000, 0x000000070d400000|  0%| F|  |TAMS 0x000000070d200000, 0x000000070d200000| Untracked 
|  92|0x000000070d400000, 0x000000070d400000, 0x000000070d600000|  0%| F|  |TAMS 0x000000070d400000, 0x000000070d400000| Untracked 
|  93|0x000000070d600000, 0x000000070d600000, 0x000000070d800000|  0%| F|  |TAMS 0x000000070d600000, 0x000000070d600000| Untracked 
|  94|0x000000070d800000, 0x000000070d800000, 0x000000070da00000|  0%| F|  |TAMS 0x000000070d800000, 0x000000070d800000| Untracked 
|  95|0x000000070da00000, 0x000000070da00000, 0x000000070dc00000|  0%| F|  |TAMS 0x000000070da00000, 0x000000070da00000| Untracked 
|  96|0x000000070dc00000, 0x000000070dc00000, 0x000000070de00000|  0%| F|  |TAMS 0x000000070dc00000, 0x000000070dc00000| Untracked 
|  97|0x000000070de00000, 0x000000070de00000, 0x000000070e000000|  0%| F|  |TAMS 0x000000070de00000, 0x000000070de00000| Untracked 
|  98|0x000000070e000000, 0x000000070e000000, 0x000000070e200000|  0%| F|  |TAMS 0x000000070e000000, 0x000000070e000000| Untracked 
|  99|0x000000070e200000, 0x000000070e200000, 0x000000070e400000|  0%| F|  |TAMS 0x000000070e200000, 0x000000070e200000| Untracked 
| 100|0x000000070e400000, 0x000000070e400000, 0x000000070e600000|  0%| F|  |TAMS 0x000000070e400000, 0x000000070e400000| Untracked 
| 101|0x000000070e600000, 0x000000070e600000, 0x000000070e800000|  0%| F|  |TAMS 0x000000070e600000, 0x000000070e600000| Untracked 
| 102|0x000000070e800000, 0x000000070e800000, 0x000000070ea00000|  0%| F|  |TAMS 0x000000070e800000, 0x000000070e800000| Untracked 
| 103|0x000000070ea00000, 0x000000070ea00000, 0x000000070ec00000|  0%| F|  |TAMS 0x000000070ea00000, 0x000000070ea00000| Untracked 
| 104|0x000000070ec00000, 0x000000070ec00000, 0x000000070ee00000|  0%| F|  |TAMS 0x000000070ec00000, 0x000000070ec00000| Untracked 
| 105|0x000000070ee00000, 0x000000070ee00000, 0x000000070f000000|  0%| F|  |TAMS 0x000000070ee00000, 0x000000070ee00000| Untracked 
| 106|0x000000070f000000, 0x000000070f000000, 0x000000070f200000|  0%| F|  |TAMS 0x000000070f000000, 0x000000070f000000| Untracked 
| 107|0x000000070f200000, 0x000000070f200000, 0x000000070f400000|  0%| F|  |TAMS 0x000000070f200000, 0x000000070f200000| Untracked 
| 108|0x000000070f400000, 0x000000070f400000, 0x000000070f600000|  0%| F|  |TAMS 0x000000070f400000, 0x000000070f400000| Untracked 
| 109|0x000000070f600000, 0x000000070f600000, 0x000000070f800000|  0%| F|  |TAMS 0x000000070f600000, 0x000000070f600000| Untracked 
| 110|0x000000070f800000, 0x000000070f800000, 0x000000070fa00000|  0%| F|  |TAMS 0x000000070f800000, 0x000000070f800000| Untracked 
| 111|0x000000070fa00000, 0x000000070fa00000, 0x000000070fc00000|  0%| F|  |TAMS 0x000000070fa00000, 0x000000070fa00000| Untracked 
| 112|0x000000070fc00000, 0x000000070fc00000, 0x000000070fe00000|  0%| F|  |TAMS 0x000000070fc00000, 0x000000070fc00000| Untracked 
| 113|0x000000070fe00000, 0x000000070fe00000, 0x0000000710000000|  0%| F|  |TAMS 0x000000070fe00000, 0x000000070fe00000| Untracked 
| 114|0x0000000710000000, 0x0000000710000000, 0x0000000710200000|  0%| F|  |TAMS 0x0000000710000000, 0x0000000710000000| Untracked 
| 115|0x0000000710200000, 0x0000000710200000, 0x0000000710400000|  0%| F|  |TAMS 0x0000000710200000, 0x0000000710200000| Untracked 
| 116|0x0000000710400000, 0x0000000710400000, 0x0000000710600000|  0%| F|  |TAMS 0x0000000710400000, 0x0000000710400000| Untracked 
| 117|0x0000000710600000, 0x0000000710600000, 0x0000000710800000|  0%| F|  |TAMS 0x0000000710600000, 0x0000000710600000| Untracked 
| 118|0x0000000710800000, 0x0000000710800000, 0x0000000710a00000|  0%| F|  |TAMS 0x0000000710800000, 0x0000000710800000| Untracked 
| 119|0x0000000710a00000, 0x0000000710a00000, 0x0000000710c00000|  0%| F|  |TAMS 0x0000000710a00000, 0x0000000710a00000| Untracked 
| 120|0x0000000710c00000, 0x0000000710c00000, 0x0000000710e00000|  0%| F|  |TAMS 0x0000000710c00000, 0x0000000710c00000| Untracked 
| 121|0x0000000710e00000, 0x0000000710e00000, 0x0000000711000000|  0%| F|  |TAMS 0x0000000710e00000, 0x0000000710e00000| Untracked 
| 122|0x0000000711000000, 0x0000000711000000, 0x0000000711200000|  0%| F|  |TAMS 0x0000000711000000, 0x0000000711000000| Untracked 
| 123|0x0000000711200000, 0x0000000711200000, 0x0000000711400000|  0%| F|  |TAMS 0x0000000711200000, 0x0000000711200000| Untracked 
| 124|0x0000000711400000, 0x0000000711400000, 0x0000000711600000|  0%| F|  |TAMS 0x0000000711400000, 0x0000000711400000| Untracked 
| 125|0x0000000711600000, 0x00000007117558f0, 0x0000000711800000| 66%| E|  |TAMS 0x0000000711600000, 0x0000000711600000| Complete 
| 126|0x0000000711800000, 0x0000000711a00000, 0x0000000711a00000|100%| E|CS|TAMS 0x0000000711800000, 0x0000000711800000| Complete 
| 127|0x0000000711a00000, 0x0000000711c00000, 0x0000000711c00000|100%| E|CS|TAMS 0x0000000711a00000, 0x0000000711a00000| Complete 

Card table byte_map: [0x000001cd3c0f0000,0x000001cd3c8f0000] _byte_map_base: 0x000001cd388e2000

Marking Bits (Prev, Next): (CMBitMap*) 0x000001cd24db1470, (CMBitMap*) 0x000001cd24db14b0
 Prev Bits: [0x000001cd3d0f0000, 0x000001cd41080000)
 Next Bits: [0x000001cd41080000, 0x000001cd45010000)

Polling page: 0x000001cd22d70000

Metaspace:

Usage:
  Non-class:      1.07 MB used.
      Class:    119.38 KB used.
       Both:      1.19 MB used.

Virtual space:
  Non-class space:        8.00 MB reserved,       1.12 MB ( 14%) committed,  1 nodes.
      Class space:        1.00 GB reserved,     192.00 KB ( <1%) committed,  1 nodes.
             Both:        1.01 GB reserved,       1.31 MB ( <1%) committed. 

Chunk freelists:
   Non-Class:  3.32 MB
       Class:  3.64 MB
        Both:  6.96 MB

MaxMetaspaceSize: unlimited
CompressedClassSpaceSize: 1.00 GB
Initial GC threshold: 21.00 MB
Current GC threshold: 21.00 MB
CDS: on
MetaspaceReclaimPolicy: balanced
 - commit_granule_bytes: 65536.
 - commit_granule_words: 8192.
 - virtual_space_node_default_size: 1048576.
 - enlarge_chunks_in_place: 1.
 - new_chunks_are_fully_committed: 0.
 - uncommit_free_chunks: 1.
 - use_allocation_guard: 0.
 - handle_deallocations: 1.


Internal statistics:

num_allocs_failed_limit: 0.
num_arena_births: 6.
num_arena_deaths: 0.
num_vsnodes_births: 2.
num_vsnodes_deaths: 0.
num_space_committed: 21.
num_space_uncommitted: 0.
num_chunks_returned_to_freelist: 0.
num_chunks_taken_from_freelist: 38.
num_chunk_merges: 0.
num_chunk_splits: 29.
num_chunks_enlarged: 27.
num_purges: 0.
num_inconsistent_stats: 0.

CodeHeap 'non-profiled nmethods': size=120000Kb used=75Kb max_used=75Kb free=119925Kb
 bounds [0x000001cd34090000, 0x000001cd34300000, 0x000001cd3b5c0000]
CodeHeap 'profiled nmethods': size=120000Kb used=425Kb max_used=425Kb free=119574Kb
 bounds [0x000001cd2cb60000, 0x000001cd2cdd0000, 0x000001cd34090000]
CodeHeap 'non-nmethods': size=5760Kb used=1101Kb max_used=1115Kb free=4658Kb
 bounds [0x000001cd2c5c0000, 0x000001cd2c830000, 0x000001cd2cb60000]
 total_blobs=670 nmethods=294 adapters=289
 compilation: enabled
              stopped_count=0, restarted_count=0
 full_count=0

Compilation events (20 events):
Event: 0.839 Thread 0x000001cd47a625d0  281       3       java.net.URLStreamHandler::setURL (73 bytes)
Event: 0.840 Thread 0x000001cd47a625d0 nmethod 281 0x000001cd2cbc1c90 code [0x000001cd2cbc1f60, 0x000001cd2cbc2d98]
Event: 0.840 Thread 0x000001cd47a625d0  283   !   3       java.net.URL::<init> (543 bytes)
Event: 0.843 Thread 0x000001cd47a625d0 nmethod 283 0x000001cd2cbc3290 code [0x000001cd2cbc3920, 0x000001cd2cbc72c8]
Event: 0.843 Thread 0x000001cd47a625d0  282   !   3       java.net.URL::set (114 bytes)
Event: 0.843 Thread 0x000001cd47a61000  293       4       java.lang.Math::min (11 bytes)
Event: 0.844 Thread 0x000001cd47a61000 nmethod 293 0x000001cd340a1710 code [0x000001cd340a1880, 0x000001cd340a18d8]
Event: 0.844 Thread 0x000001cd47a625d0 nmethod 282 0x000001cd2cbc9390 code [0x000001cd2cbc95e0, 0x000001cd2cbca0d8]
Event: 0.844 Thread 0x000001cd47a625d0  290       1       java.lang.invoke.MemberName::getDeclaringClass (5 bytes)
Event: 0.844 Thread 0x000001cd47a625d0 nmethod 290 0x000001cd340a1a10 code [0x000001cd340a1ba0, 0x000001cd340a1c78]
Event: 0.844 Thread 0x000001cd47a625d0  278       1       java.util.zip.ZipEntry::getSize (5 bytes)
Event: 0.844 Thread 0x000001cd47a625d0 nmethod 278 0x000001cd340a1d10 code [0x000001cd340a1ea0, 0x000001cd340a1f78]
Event: 0.844 Thread 0x000001cd47a625d0  284       1       java.util.jar.Manifest::getEntries (5 bytes)
Event: 0.844 Thread 0x000001cd47a625d0 nmethod 284 0x000001cd340a2010 code [0x000001cd340a21a0, 0x000001cd340a2278]
Event: 0.844 Thread 0x000001cd47a625d0  285       1       java.util.jar.Manifest::getMainAttributes (5 bytes)
Event: 0.844 Thread 0x000001cd47a625d0 nmethod 285 0x000001cd340a2310 code [0x000001cd340a24a0, 0x000001cd340a2578]
Event: 0.844 Thread 0x000001cd47a625d0  286       1       java.util.zip.ZipEntry::getCrc (5 bytes)
Event: 0.844 Thread 0x000001cd47a625d0 nmethod 286 0x000001cd340a2610 code [0x000001cd340a27a0, 0x000001cd340a2878]
Event: 0.844 Thread 0x000001cd47a625d0  294       1       java.util.Formatter$Flags::valueOf (5 bytes)
Event: 0.844 Thread 0x000001cd47a625d0 nmethod 294 0x000001cd340a2910 code [0x000001cd340a2aa0, 0x000001cd340a2b78]

GC Heap History (0 events):
No events

Deoptimization events (2 events):
Event: 0.821 Thread 0x000001cd24d60570 DEOPT PACKING pc=0x000001cd2cb774e7 sp=0x0000004f4f5fe190
Event: 0.821 Thread 0x000001cd24d60570 DEOPT UNPACKING pc=0x000001cd2c612b43 sp=0x0000004f4f5fd5b0 mode 0

Classes unloaded (0 events):
No events

Classes redefined (0 events):
No events

Internal exceptions (2 events):
Event: 0.146 Thread 0x000001cd24d60570 Exception <a 'java/io/FileNotFoundException'{0x00000007118c1b90}> (0x00000007118c1b90) 
thrown [t:\workspace\open\src\hotspot\share\prims\jni.cpp, line 516]
Event: 0.776 Thread 0x000001cd24d60570 Exception <a 'java/io/FileNotFoundException'{0x00000007118d3870}> (0x00000007118d3870) 
thrown [t:\workspace\open\src\hotspot\share\prims\jni.cpp, line 516]

VM Operations (4 events):
Event: 0.085 Executing VM operation: HandshakeAllThreads
Event: 0.085 Executing VM operation: HandshakeAllThreads done
Event: 0.140 Executing VM operation: HandshakeAllThreads
Event: 0.140 Executing VM operation: HandshakeAllThreads done

Events (20 events):
Event: 0.115 loading class java/lang/NoSuchFieldError
Event: 0.115 loading class java/lang/NoSuchFieldError done
Event: 0.119 Loaded shared library C:\Program Files\Java\jdk-17.0.2\bin\jimage.dll
Event: 0.143 Loaded shared library D:\Faks\Iot\Eclipse-Gateway\Gateway\myFirstXBeeApp\libs\native\Windows\win64\rxtxSerial.dll
Event: 0.146 loading class java/io/FileNotFoundException
Event: 0.146 loading class java/io/FileNotFoundException done
Event: 0.779 loading class java/lang/NumberFormatException
Event: 0.779 loading class java/lang/NumberFormatException done
Event: 0.780 loading class java/lang/IndexOutOfBoundsException
Event: 0.780 loading class java/lang/IndexOutOfBoundsException done
Event: 0.792 Thread 0x000001cd48500620 Thread added: 0x000001cd48500620
Event: 0.803 loading class java/util/Vector
Event: 0.804 loading class java/util/Vector done
Event: 0.822 Thread 0x000001cd484fee10 Thread added: 0x000001cd484fee10
Event: 0.844 loading class java/util/Formatter$FixedString
Event: 0.844 loading class java/util/Formatter$FixedString done
Event: 0.844 loading class java/util/LinkedHashMap$LinkedKeySet
Event: 0.844 loading class java/util/LinkedHashMap$LinkedKeySet done
Event: 0.844 loading class java/util/LinkedHashMap$LinkedKeyIterator
Event: 0.844 loading class java/util/LinkedHashMap$LinkedKeyIterator done


Dynamic libraries:
0x00007ff7e6170000 - 0x00007ff7e6180000 	C:\Program Files\Java\jdk-17.0.2\bin\javaw.exe
0x00007ffb61550000 - 0x00007ffb61745000 	C:\WINDOWS\SYSTEM32\ntdll.dll
0x00007ffb60250000 - 0x00007ffb6030d000 	C:\WINDOWS\System32\KERNEL32.DLL
0x00007ffb5f220000 - 0x00007ffb5f4ed000 	C:\WINDOWS\System32\KERNELBASE.dll
0x00007ffb5ee10000 - 0x00007ffb5ef10000 	C:\WINDOWS\System32\ucrtbase.dll
0x00007ffb59bf0000 - 0x00007ffb59c08000 	C:\Program Files\Java\jdk-17.0.2\bin\jli.dll
0x00007ffb59ae0000 - 0x00007ffb59afa000 	C:\Program Files\Java\jdk-17.0.2\bin\VCRUNTIME140.dll
0x00007ffb60a90000 - 0x00007ffb60b3e000 	C:\WINDOWS\System32\ADVAPI32.dll
0x00007ffb61410000 - 0x00007ffb614ae000 	C:\WINDOWS\System32\msvcrt.dll
0x00007ffb61370000 - 0x00007ffb6140c000 	C:\WINDOWS\System32\sechost.dll
0x00007ffb5f600000 - 0x00007ffb5f725000 	C:\WINDOWS\System32\RPCRT4.dll
0x00007ffb60710000 - 0x00007ffb608b0000 	C:\WINDOWS\System32\USER32.dll
0x00007ffb42670000 - 0x00007ffb4290a000 	C:\WINDOWS\WinSxS\amd64_microsoft.windows.common-controls_6595b64144ccf1df_6.0.19041.1110_none_60b5254171f9507e\COMCTL32.dll
0x00007ffb5f020000 - 0x00007ffb5f042000 	C:\WINDOWS\System32\win32u.dll
0x00007ffb606e0000 - 0x00007ffb6070a000 	C:\WINDOWS\System32\GDI32.dll
0x00007ffb5ec60000 - 0x00007ffb5ed6b000 	C:\WINDOWS\System32\gdi32full.dll
0x00007ffb5ed70000 - 0x00007ffb5ee0d000 	C:\WINDOWS\System32\msvcp_win.dll
0x00007ffb57aa0000 - 0x00007ffb57aaa000 	C:\WINDOWS\SYSTEM32\VERSION.dll
0x00007ffb5fd20000 - 0x00007ffb5fd50000 	C:\WINDOWS\System32\IMM32.DLL
0x00007ffb59bd0000 - 0x00007ffb59bdc000 	C:\Program Files\Java\jdk-17.0.2\bin\vcruntime140_1.dll
0x00007ffb27530000 - 0x00007ffb275bd000 	C:\Program Files\Java\jdk-17.0.2\bin\msvcp140.dll
0x00007ffae5df0000 - 0x00007ffae69b1000 	C:\Program Files\Java\jdk-17.0.2\bin\server\jvm.dll
0x00007ffb5fd10000 - 0x00007ffb5fd18000 	C:\WINDOWS\System32\PSAPI.DLL
0x00007ffb47910000 - 0x00007ffb47919000 	C:\WINDOWS\SYSTEM32\WSOCK32.dll
0x00007ffb43b60000 - 0x00007ffb43b87000 	C:\WINDOWS\SYSTEM32\WINMM.dll
0x00007ffb60610000 - 0x00007ffb6067b000 	C:\WINDOWS\System32\WS2_32.dll
0x00007ffb5d4b0000 - 0x00007ffb5d4c2000 	C:\WINDOWS\SYSTEM32\kernel.appcore.dll
0x00007ffb59ad0000 - 0x00007ffb59ada000 	C:\Program Files\Java\jdk-17.0.2\bin\jimage.dll
0x00007ffb5d180000 - 0x00007ffb5d364000 	C:\WINDOWS\SYSTEM32\DBGHELP.DLL
0x00007ffb42a70000 - 0x00007ffb42a9c000 	C:\WINDOWS\SYSTEM32\dbgcore.DLL
0x00007ffb5ef40000 - 0x00007ffb5efc2000 	C:\WINDOWS\System32\bcryptPrimitives.dll
0x00007ffb37ec0000 - 0x00007ffb37ee5000 	C:\Program Files\Java\jdk-17.0.2\bin\java.dll
0x00007ffafd7a0000 - 0x00007ffafd876000 	C:\Program Files\Java\jdk-17.0.2\bin\jsvml.dll
0x00007ffb60c20000 - 0x00007ffb61364000 	C:\WINDOWS\System32\SHELL32.dll
0x00007ffb5c910000 - 0x00007ffb5d0a4000 	C:\WINDOWS\SYSTEM32\windows.storage.dll
0x00007ffb5f9b0000 - 0x00007ffb5fd04000 	C:\WINDOWS\System32\combase.dll
0x00007ffb5e5e0000 - 0x00007ffb5e60c000 	C:\WINDOWS\SYSTEM32\Wldp.dll
0x00007ffb60440000 - 0x00007ffb604ed000 	C:\WINDOWS\System32\SHCORE.dll
0x00007ffb5f950000 - 0x00007ffb5f9a5000 	C:\WINDOWS\System32\shlwapi.dll
0x00007ffb5eba0000 - 0x00007ffb5ebbf000 	C:\WINDOWS\SYSTEM32\profapi.dll
0x00007ffb37ea0000 - 0x00007ffb37eb9000 	C:\Program Files\Java\jdk-17.0.2\bin\net.dll
0x00007ffb56e20000 - 0x00007ffb56f2a000 	C:\WINDOWS\SYSTEM32\WINHTTP.dll
0x00007ffb5e350000 - 0x00007ffb5e3ba000 	C:\WINDOWS\system32\mswsock.dll
0x00007ffb37a90000 - 0x00007ffb37aa6000 	C:\Program Files\Java\jdk-17.0.2\bin\nio.dll
0x00007ffb37800000 - 0x00007ffb37818000 	C:\Program Files\Java\jdk-17.0.2\bin\zip.dll
0x00007ffb59ac0000 - 0x00007ffb59ad0000 	C:\Program Files\Java\jdk-17.0.2\bin\verify.dll
0x0000000180000000 - 0x0000000180025000 	D:\Faks\Iot\Eclipse-Gateway\Gateway\myFirstXBeeApp\libs\native\Windows\win64\rxtxSerial.dll

dbghelp: loaded successfully - version: 4.0.5 - missing functions: none
symbol engine: initialized successfully - sym options: 0x614 - pdb path: .;C:\Program Files\Java\jdk-17.0.2\bin;C:\WINDOWS\SYSTEM32;C:\WINDOWS\WinSxS\amd64_microsoft.windows.common-controls_6595b64144ccf1df_6.0.19041.1110_none_60b5254171f9507e;C:\Program Files\Java\jdk-17.0.2\bin\server;D:\Faks\Iot\Eclipse-Gateway\Gateway\myFirstXBeeApp\libs\native\Windows\win64

VM Arguments:
jvm_args: -Djava.library.path=D:\Faks\Iot\Eclipse-Gateway\Gateway\myFirstXBeeApp\libs\native\Windows\win64 -Dfile.encoding=Cp1252 
java_command: com.digi.xbee.example.MainApp
java_class_path (initial): D:\Faks\Iot\Eclipse-Gateway\Gateway\myFirstXBeeApp\bin;D:\Faks\Iot\Eclipse-Gateway\Gateway\myFirstXBeeApp\libs\xbee-java-library-1.3.0.jar;D:\Faks\Iot\Eclipse-Gateway\Gateway\myFirstXBeeApp\libs\rxtx-2.2.jar;D:\Faks\Iot\Eclipse-Gateway\Gateway\myFirstXBeeApp\libs\slf4j-api-1.7.12.jar;D:\Faks\Iot\Eclipse-Gateway\Gateway\myFirstXBeeApp\libs\slf4j-nop-1.7.12.jar
Launcher Type: SUN_STANDARD

[Global flags]
     intx CICompilerCount                          = 4                                         {product} {ergonomic}
     uint ConcGCThreads                            = 2                                         {product} {ergonomic}
     uint G1ConcRefinementThreads                  = 8                                         {product} {ergonomic}
   size_t G1HeapRegionSize                         = 2097152                                   {product} {ergonomic}
    uintx GCDrainStackTargetSize                   = 64                                        {product} {ergonomic}
   size_t InitialHeapSize                          = 268435456                                 {product} {ergonomic}
   size_t MarkStackSize                            = 4194304                                   {product} {ergonomic}
   size_t MaxHeapSize                              = 4265607168                                {product} {ergonomic}
   size_t MaxNewSize                               = 2558525440                                {product} {ergonomic}
   size_t MinHeapDeltaBytes                        = 2097152                                   {product} {ergonomic}
   size_t MinHeapSize                              = 8388608                                   {product} {ergonomic}
    uintx NonNMethodCodeHeapSize                   = 5839372                                {pd product} {ergonomic}
    uintx NonProfiledCodeHeapSize                  = 122909434                              {pd product} {ergonomic}
    uintx ProfiledCodeHeapSize                     = 122909434                              {pd product} {ergonomic}
    uintx ReservedCodeCacheSize                    = 251658240                              {pd product} {ergonomic}
     bool SegmentedCodeCache                       = true                                      {product} {ergonomic}
   size_t SoftMaxHeapSize                          = 4265607168                             {manageable} {ergonomic}
     bool UseCompressedClassPointers               = true                           {product lp64_product} {ergonomic}
     bool UseCompressedOops                        = true                           {product lp64_product} {ergonomic}
     bool UseG1GC                                  = true                                      {product} {ergonomic}
     bool UseLargePagesIndividualAllocation        = false                                  {pd product} {ergonomic}

Logging:
Log output configuration:
 #0: stdout all=warning uptime,level,tags
 #1: stderr all=off uptime,level,tags

Environment Variables:
JAVA_HOME=D:\Faks\java\jdk-13
PATH=C:/Program Files/Java/jre1.8.0_281/bin/server;C:/Program Files/Java/jre1.8.0_281/bin;C:/Program Files/Java/jre1.8.0_281/lib/amd64;C:\Program Files\Common Files\Oracle\Java\javapath;C:\Program Files\Oculus\Support\oculus-runtime;C:\Windows\system32;C:\Windows;C:\Windows\System32\Wbem;C:\Windows\System32\WindowsPowerShell\v1.0\;C:\Windows\System32\OpenSSH\;C:\MinGW\bin;C:\Program Files\Intel\WiFi\bin\;C:\Program Files\Common Files\Intel\WirelessCommon\;D:\Faks\java\jdk-13\bin;C:\Program Files\Microsoft SQL Server\130\Tools\Binn\;D:\Faks\Pi\Instalacija\Git\cmd;C:\Program Files\Common Files\Datawatch\Drivers\7.1.5\jre\bin;C:\Program Files\Common Files\Datawatch\Drivers\7.1.5\jre\bin\server;C:\Program Files\dotnet\;C:\Program Files\NVIDIA Corporation\NVIDIA NvDLISR;C:\Program Files (x86)\NVIDIA Corporation\PhysX\Common;C:\Hadoop\hadoop-3.0.0\bin;C:\Hadoop\hadoop-3.0.0\sbin;C:\WINDOWS\system32;C:\WINDOWS;C:\WINDOWS\System32\Wbem;C:\WINDOWS\System32\WindowsPowerShell\v1.0\;C:\WINDOWS\System32\OpenSSH\;C:\Program Files\nodejs\;C:\ProgramData\chocolatey\bin;C:\Program Files\PostgreSQL\14\bin;C:\Program Files\OpenSSL-Win64\bin;;C:\Program Files\Docker\Docker\resources\bin;C:\ProgramData\DockerDesktop\version-bin;C:\Users\Filip Vlasic\AppData\Local\Programs\Python\Python310\Scripts\;C:\Users\Filip Vlasic\AppData\Local\Programs\Python\Python310\;C:\Users\Filip Vlasic\AppData\Local\Microsoft\WindowsApps;C:\Users\Filip Vlasic\AppData\Local\Programs\Microsoft VS Code\bin;C:\Program Files\JetBrains\PyCharm Community Edition 2021.3\bin;;C:\texlive\2020\bin\win32;C:\Users\Filip Vlasic\.dotnet\tools;C:\Users\Filip Vlasic\AppData\Local\GitHubDesktop\bin;D:\Faks\Latex\texlive\2021\bin\win32;C:\Users\Filip Vlasic\AppData\Roaming\npm;C:\Program Files\heroku\bin;C:\WINDOWS\system32;
USERNAME=Filip Vlasic
OS=Windows_NT
PROCESSOR_IDENTIFIER=Intel64 Family 6 Model 158 Stepping 9, GenuineIntel



---------------  S Y S T E M  ---------------

OS:
 Windows 10 , 64 bit Build 19041 (10.0.19041.1706)
OS uptime: 0 days 2:39 hours
Hyper-V role detected

CPU: total 8 (initial active 8) (4 cores per cpu, 2 threads per core) family 6 model 158 stepping 9 microcode 0xb4, cx8, cmov, fxsr, ht, mmx, 3dnowpref, sse, sse2, sse3, ssse3, sse4.1, sse4.2, popcnt, lzcnt, tsc, tscinvbit, avx, avx2, aes, erms, clmul, bmi1, bmi2, adx, fma, vzeroupper, clflush, clflushopt, hv

Memory: 4k page, system-wide physical 16265M (9628M free)
TotalPageFile size 18697M (AvailPageFile size 9314M)
current process WorkingSet (physical memory assigned to process): 36M, peak: 36M
current process commit charge ("private bytes"): 345M, peak: 345M

vm_info: Java HotSpot(TM) 64-Bit Server VM (17.0.2+8-LTS-86) for windows-amd64 JRE (17.0.2+8-LTS-86), built on Dec  7 2021 21:51:03 by "mach5one" with MS VC++ 16.8 / 16.9 (VS2019)

END.
